Unity Editor version:    2020.3.27f1 (e759542391ea)
Branch:                  2020.3/release
Build type:              Release
Batch mode:              YES
macOS version:           Version 11.7.10 (Build 20G1427)
Darwin version:          20.6.0
Architecture:            x86_64
Running under Rosetta:   NO
Available memory:        16384 MB
Using pre-set license
Pro License: NO

COMMAND LINE ARGUMENTS:
/Applications/2020.3.27f1/Unity.app/Contents/MacOS/Unity
-adb2
-batchMode
-noUpm
-name
AssetImportWorker0
-projectPath
/Users/game12/Conner's project (1)
-logFile
Logs/AssetImportWorker0.log
-srvPort
52669
Successfully changed project path to: /Users/game12/Conner's project (1)
Could not lock editor preferences. Preferences updates for this instance of Unity will not be saved./Users/game12/Conner's project (1)
Using Asset Import Pipeline V2.
Refreshing native plugins compatible for Editor in 59.26 ms, found 3 plugins.
Preloading 0 native plugins for Editor in 0.00 ms.
Initialize engine version: 2020.3.27f1 (e759542391ea)
[Subsystems] Discovering subsystems at path /Applications/2020.3.27f1/Unity.app/Contents/Resources/UnitySubsystems
[Subsystems] Discovering subsystems at path /Users/game12/Conner's project (1)/Assets
GfxDevice: creating device client; threaded=0
Renderer: AMD Radeon Pro 5500 XT OpenGL Engine
Vendor:   ATI Technologies Inc.
Version:  4.1 ATI-4.6.21
GLES:     0
 GL_ARB_blend_func_extended GL_ARB_draw_buffers_blend GL_ARB_draw_indirect GL_ARB_ES2_compatibility GL_ARB_explicit_attrib_location GL_ARB_gpu_shader_fp64 GL_ARB_gpu_shader5 GL_ARB_instanced_arrays GL_ARB_internalformat_query GL_ARB_occlusion_query2 GL_ARB_sample_shading GL_ARB_sampler_objects GL_ARB_separate_shader_objects GL_ARB_shader_bit_encoding GL_ARB_shader_subroutine GL_ARB_shading_language_include GL_ARB_tessellation_shader GL_ARB_texture_buffer_object_rgb32 GL_ARB_texture_cube_map_array GL_ARB_texture_gather GL_ARB_texture_query_lod GL_ARB_texture_rgb10_a2ui GL_ARB_texture_storage GL_ARB_texture_swizzle GL_ARB_timer_query GL_ARB_transform_feedback2 GL_ARB_transform_feedback3 GL_ARB_vertex_attrib_64bit GL_ARB_vertex_type_2_10_10_10_rev GL_ARB_viewport_array GL_EXT_debug_label GL_EXT_debug_marker GL_EXT_depth_bounds_test GL_EXT_texture_compression_s3tc GL_EXT_texture_filter_anisotropic GL_EXT_texture_mirror_clamp GL_EXT_texture_sRGB_decode GL_APPLE_client_storage GL_APPLE_container_object_shareable G
L_APPLE_flush_render GL_APPLE_object_purgeable GL_APPLE_rgb_422 GL_APPLE_row_bytes GL_APPLE_texture_range GL_ATI_texture_mirror_once GL_NV_texture_barrier
OPENGL LOG: Creating OpenGL 4.1 graphics device ; Context level  <OpenGL 4.1> ; Context handle -1207301120
Initialize mono
Mono path[0] = '/Applications/2020.3.27f1/Unity.app/Contents/Managed'
Mono path[1] = '/Applications/2020.3.27f1/Unity.app/Contents/MonoBleedingEdge/lib/mono/unityjit'
Mono config path = '/Applications/2020.3.27f1/Unity.app/Contents/MonoBleedingEdge/etc'
Using monoOptions --debugger-agent=transport=dt_socket,embedding=1,server=y,suspend=n,address=127.0.0.1:56242
Begin MonoManager ReloadAssembly
Registering precompiled unity dll's ...
Register platform support module: /Applications/2020.3.27f1/Unity.app/Contents/PlaybackEngines/MacStandaloneSupport/UnityEditor.OSXStandalone.Extensions.dll
Registered in 0.000502 seconds.
Native extension for OSXStandalone target not found
Refreshing native plugins compatible for Editor in 54.05 ms, found 3 plugins.
Preloading 0 native plugins for Editor in 0.00 ms.
Mono: successfully reloaded assembly
- Completed reload, in  0.535 seconds
Domain Reload Profiling:
	ReloadAssembly (535ms)
		BeginReloadAssembly (36ms)
			ExecutionOrderSort (0ms)
			DisableScriptedObjects (0ms)
			BackupInstance (0ms)
			ReleaseScriptingObjects (0ms)
			CreateAndSetChildDomain (1ms)
		EndReloadAssembly (435ms)
			LoadAssemblies (36ms)
			RebuildTransferFunctionScriptingTraits (0ms)
			SetupTypeCache (155ms)
			ReleaseScriptCaches (0ms)
			RebuildScriptCaches (31ms)
			SetupLoadedEditorAssemblies (178ms)
				LogAssemblyErrors (0ms)
				InitializePlatformSupportModulesInManaged (4ms)
				SetLoadedEditorAssemblies (0ms)
				RefreshPlugins (54ms)
				BeforeProcessingInitializeOnLoad (7ms)
				ProcessInitializeOnLoadAttributes (88ms)
				ProcessInitializeOnLoadMethodAttributes (25ms)
				AfterProcessingInitializeOnLoad (0ms)
				EditorAssembliesLoaded (0ms)
			ExecutionOrderSort2 (0ms)
			AwakeInstancesAfterBackupRestoration (0ms)
Platform modules already initialized, skipping
Registering precompiled user dll's ...
Registered in 0.003665 seconds.
Begin MonoManager ReloadAssembly
Native extension for OSXStandalone target not found
Refreshing native plugins compatible for Editor in 52.02 ms, found 3 plugins.
Preloading 0 native plugins for Editor in 0.00 ms.
Mono: successfully reloaded assembly
- Completed reload, in  1.091 seconds
Domain Reload Profiling:
	ReloadAssembly (1091ms)
		BeginReloadAssembly (131ms)
			ExecutionOrderSort (0ms)
			DisableScriptedObjects (4ms)
			BackupInstance (0ms)
			ReleaseScriptingObjects (0ms)
			CreateAndSetChildDomain (24ms)
		EndReloadAssembly (904ms)
			LoadAssemblies (95ms)
			RebuildTransferFunctionScriptingTraits (0ms)
			SetupTypeCache (321ms)
			ReleaseScriptCaches (0ms)
			RebuildScriptCaches (58ms)
			SetupLoadedEditorAssemblies (319ms)
				LogAssemblyErrors (0ms)
				InitializePlatformSupportModulesInManaged (3ms)
				SetLoadedEditorAssemblies (0ms)
				RefreshPlugins (52ms)
				BeforeProcessingInitializeOnLoad (53ms)
				ProcessInitializeOnLoadAttributes (196ms)
				ProcessInitializeOnLoadMethodAttributes (13ms)
				AfterProcessingInitializeOnLoad (1ms)
				EditorAssembliesLoaded (0ms)
			ExecutionOrderSort2 (0ms)
			AwakeInstancesAfterBackupRestoration (6ms)
Platform modules already initialized, skipping
Validating Project structure ... 0.031614 seconds.
Shader import version has changed; will reimport all shaders...
Upgrading shader files ...0.054525 seconds.
Application.AssetDatabase Initial Script Refresh Start
RefreshInfo: InitialScriptRefreshV2(NoUpdateAssetOptions) scanfilter:  ... 1 filters
RefreshProfiler: Total: 0.000ms
Application.AssetDatabase Initial Script Refresh End
Application.AssetDatabase.Refresh Start
Application.AssetDatabase.Refresh End
RefreshInfo: StopAssetImportingV2(ForceSynchronousImport) scanfilter: 
RefreshProfiler: Total: 0.000ms
Launching external process: /Applications/2020.3.27f1/Unity.app/Contents/Tools/UnityShaderCompiler
Launched and connected shader compiler UnityShaderCompiler after 0.01 seconds
Initializing Unity extensions:
========================================================================
Worker process is ready to serve import requests
Refreshing native plugins compatible for Editor in 0.61 ms, found 3 plugins.
Preloading 0 native plugins for Editor in 0.00 ms.
Unloading 2682 Unused Serialized files (Serialized files now loaded: 0)
System memory in use before: 247.9 MB.
System memory in use after: 247.3 MB.

Unloading 240 unused Assets to reduce memory usage. Loaded Objects now: 3150.
Total: 2.916116 ms (FindLiveObjects: 0.185929 ms CreateObjectMapping: 0.097320 ms MarkObjects: 2.235987 ms  DeleteObjects: 0.396249 ms)

AssetImportParameters requested are different than current active one (requested -> active):
  custom:video-decoder-ogg-theora: a1e56fd34408186e4bbccfd4996cb3dc -> 
  custom:container-muxer-webm: aa71ff27fc2769a1b78a27578f13a17b -> 
  custom:container-demuxer-webm: 4f35f7cbe854078d1ac9338744f61a02 -> 
  custom:container-demuxer-ogg: 62fdf1f143b41e24485cea50d1cbac27 -> 
  custom:video-encoder-webm-vp8: eb34c28f22e8b96e1ab97ce403110664 -> 
  custom:framework-osx-AVFoundation: e770b220cccbd017edd2c1fefb359320 -> 
  custom:video-decoder-webm-vp8: 9c59270c3fd7afecdb556c50c9e8de78 -> 
  custom:audio-decoder-ogg-vorbis: bf7c407c2cedff20999df2af8eb42d56 -> 
  custom:audio-encoder-webm-vorbis: bf7c407c2cedff20999df2af8eb42d56 -> 
========================================================================
Received Import Request.
  path: Assets/2DGamekit/TutorialInfo/Icons/Help_Icon.png
  artifactKey: Guid(a186f8a87ca4f4d3aa864638ad5dfb65) Importer(815301076,1909f56bfc062723c751e8b465ee728b)
Start importing Assets/2DGamekit/TutorialInfo/Icons/Help_Icon.png using Guid(a186f8a87ca4f4d3aa864638ad5dfb65) Importer(815301076,1909f56bfc062723c751e8b465ee728b)  -> (artifact id: '77f5496436740d895da50d52e31a9920') in 0.754230 seconds 
  Import took 0.761019 seconds .

========================================================================
Received Import Request.
  Time since last request: 0.000170 seconds.
  path: Assets/2DGamekit/Audio/Mixers/MasterAudioMixer.mixer
  artifactKey: Guid(74cb2eead3628fa47a369c51a45d99a1) Importer(815301076,1909f56bfc062723c751e8b465ee728b)
Start importing Assets/2DGamekit/Audio/Mixers/MasterAudioMixer.mixer using Guid(74cb2eead3628fa47a369c51a45d99a1) Importer(815301076,1909f56bfc062723c751e8b465ee728b)  -> (artifact id: '816854531803157e8fc9a647d9ba9184') in 0.761554 seconds 
  Import took 0.767262 seconds .

========================================================================
Received Import Request.
  Time since last request: 0.000148 seconds.
  path: Assets/2DGamekit/Audio/Enemies/Gunner/GunnerGrenadeExplosion.ogg
  artifactKey: Guid(70fd00056b92b4319be8449b9dea1eb2) Importer(815301076,1909f56bfc062723c751e8b465ee728b)
Start importing Assets/2DGamekit/Audio/Enemies/Gunner/GunnerGrenadeExplosion.ogg using Guid(70fd00056b92b4319be8449b9dea1eb2) Importer(815301076,1909f56bfc062723c751e8b465ee728b)  -> (artifact id: '26f8e789e9fc67ac944927ae966ffe17') in 0.272358 seconds 
  Import took 0.278903 seconds .

========================================================================
Received Import Request.
  Time since last request: 0.000200 seconds.
  path: Assets/2DGamekit/Audio/Enemies/Gunner/GunnerGrenadeCountdown02.ogg
  artifactKey: Guid(fea9dba2b0e438b4694d8ebc5aba069a) Importer(815301076,1909f56bfc062723c751e8b465ee728b)
Start importing Assets/2DGamekit/Audio/Enemies/Gunner/GunnerGrenadeCountdown02.ogg using Guid(fea9dba2b0e438b4694d8ebc5aba069a) Importer(815301076,1909f56bfc062723c751e8b465ee728b)  -> (artifact id: '8f1101c248558cb698538c92438f4834') in 0.006716 seconds 
  Import took 0.010471 seconds .

========================================================================
Received Import Request.
  Time since last request: 0.000169 seconds.
  path: Assets/2DGamekit/Art/Sprites/UI/HUD/HealthIconMask.png
  artifactKey: Guid(0fc1f613ccfee624f80804d4702144e0) Importer(815301076,1909f56bfc062723c751e8b465ee728b)
Start importing Assets/2DGamekit/Art/Sprites/UI/HUD/HealthIconMask.png using Guid(0fc1f613ccfee624f80804d4702144e0) Importer(815301076,1909f56bfc062723c751e8b465ee728b)  -> (artifact id: '9fc0a9e04940204d3c9cbcbf7038c55f') in 0.005624 seconds 
  Import took 0.009054 seconds .

========================================================================
Received Import Request.
  Time since last request: 0.000154 seconds.
  path: Assets/2DGamekit/Art/Sprites/Interactables/PushableBoxEmissive.png
  artifactKey: Guid(1eac093274675214fb6bed351b5a6d28) Importer(815301076,1909f56bfc062723c751e8b465ee728b)
Start importing Assets/2DGamekit/Art/Sprites/Interactables/PushableBoxEmissive.png using Guid(1eac093274675214fb6bed351b5a6d28) Importer(815301076,1909f56bfc062723c751e8b465ee728b)  -> (artifact id: 'e58b558c24abc5528d73dba5297c3471') in 0.015622 seconds 
  Import took 0.019387 seconds .

========================================================================
Received Import Request.
  Time since last request: 0.000147 seconds.
  path: Assets/2DGamekit/Audio/Enemies/Gunner/GunnerDeathBlueFXTriggered.ogg
  artifactKey: Guid(27fa7a32ddc541749b7163bd88fbb575) Importer(815301076,1909f56bfc062723c751e8b465ee728b)
Start importing Assets/2DGamekit/Audio/Enemies/Gunner/GunnerDeathBlueFXTriggered.ogg using Guid(27fa7a32ddc541749b7163bd88fbb575) Importer(815301076,1909f56bfc062723c751e8b465ee728b)  -> (artifact id: '1624e5c808ba529ddb58b65a506e77cb') in 0.005487 seconds 
  Import took 0.008987 seconds .

========================================================================
Received Import Request.
  Time since last request: 0.000134 seconds.
  path: Assets/2DGamekit/Art/Sprites/Interactables/DestructibleBox.bmp
  artifactKey: Guid(5c3d28e6e36cb244b874459c91ccef79) Importer(815301076,1909f56bfc062723c751e8b465ee728b)
Start importing Assets/2DGamekit/Art/Sprites/Interactables/DestructibleBox.bmp using Guid(5c3d28e6e36cb244b874459c91ccef79) Importer(815301076,1909f56bfc062723c751e8b465ee728b)  -> (artifact id: '41a88542a93482703edb960f882cb147') in 0.662361 seconds 
  Import took 0.668807 seconds .

========================================================================
Received Import Request.
  Time since last request: 0.000160 seconds.
  path: Assets/2DGamekit/TutorialInfo/Icons/icon_tutorial_package.png
  artifactKey: Guid(6756ed7b80223ac4e8f026ce27541de4) Importer(815301076,1909f56bfc062723c751e8b465ee728b)
Start importing Assets/2DGamekit/TutorialInfo/Icons/icon_tutorial_package.png using Guid(6756ed7b80223ac4e8f026ce27541de4) Importer(815301076,1909f56bfc062723c751e8b465ee728b)  -> (artifact id: 'fa82dae2dacb2bf6f9799664800fb328') in 0.007996 seconds 
  Import took 0.011810 seconds .

========================================================================
Received Import Request.
  Time since last request: 0.000152 seconds.
  path: Assets/2DGamekit/Audio/Enemies/Gunner/GunnerGrenadeExplode.ogg
  artifactKey: Guid(cb321e0e67455dd4b8293e3233354bf3) Importer(815301076,1909f56bfc062723c751e8b465ee728b)
Start importing Assets/2DGamekit/Audio/Enemies/Gunner/GunnerGrenadeExplode.ogg using Guid(cb321e0e67455dd4b8293e3233354bf3) Importer(815301076,1909f56bfc062723c751e8b465ee728b)  -> (artifact id: '81b71c766a11df1bced19f1072d15a9f') in 0.007534 seconds 
  Import took 0.010834 seconds .

========================================================================
Received Import Request.
  Time since last request: 0.000158 seconds.
  path: Assets/2DGamekit/Audio/Interactables/PushClayBoxLoop.ogg
  artifactKey: Guid(147f688959ed7d9448f171f2fb12893d) Importer(815301076,1909f56bfc062723c751e8b465ee728b)
Start importing Assets/2DGamekit/Audio/Interactables/PushClayBoxLoop.ogg using Guid(147f688959ed7d9448f171f2fb12893d) Importer(815301076,1909f56bfc062723c751e8b465ee728b)  -> (artifact id: 'c2879cd611479eeb6ee4434854e01ee6') in 0.007044 seconds 
  Import took 0.010765 seconds .

========================================================================
Received Import Request.
  Time since last request: 0.000151 seconds.
  path: Assets/2DGamekit/Audio/Enemies/Gunner/GunnerGrenadeCountdown.ogg
  artifactKey: Guid(12b5dc2a7ea79b74db155afe3cf286db) Importer(815301076,1909f56bfc062723c751e8b465ee728b)
Start importing Assets/2DGamekit/Audio/Enemies/Gunner/GunnerGrenadeCountdown.ogg using Guid(12b5dc2a7ea79b74db155afe3cf286db) Importer(815301076,1909f56bfc062723c751e8b465ee728b)  -> (artifact id: '83b505d9a32197df3ac20c08b9a07341') in 0.007467 seconds 
  Import took 0.011129 seconds .

========================================================================
Received Import Request.
  Time since last request: 0.000138 seconds.
  path: Assets/2DGamekit/Audio/Enemies/Gunner/GunnerBossDeathBlueFxBuildup.ogg
  artifactKey: Guid(05dd0160edee8dc449f61b762c811e49) Importer(815301076,1909f56bfc062723c751e8b465ee728b)
Start importing Assets/2DGamekit/Audio/Enemies/Gunner/GunnerBossDeathBlueFxBuildup.ogg using Guid(05dd0160edee8dc449f61b762c811e49) Importer(815301076,1909f56bfc062723c751e8b465ee728b)  -> (artifact id: 'c551508359313bb4ffff74b70e78410d') in 0.007053 seconds 
  Import took 0.010709 seconds .

========================================================================
Received Import Request.
  Time since last request: 0.000153 seconds.
  path: Assets/2DGamekit/Art/Sprites/Interactables/PushableBox.png
  artifactKey: Guid(133a93172967d354890e27ed10cf88e9) Importer(815301076,1909f56bfc062723c751e8b465ee728b)
Start importing Assets/2DGamekit/Art/Sprites/Interactables/PushableBox.png using Guid(133a93172967d354890e27ed10cf88e9) Importer(815301076,1909f56bfc062723c751e8b465ee728b)  -> (artifact id: '3b2f7013b9a6eac31ec3f70bc3edf6e5') in 0.013342 seconds 
  Import took 0.017032 seconds .

========================================================================
Received Import Request.
  Time since last request: 0.000171 seconds.
  path: Assets/2DGamekit/Audio/UI/MenuButtonConfirm.ogg
  artifactKey: Guid(68c65aec95671b549be3b900cc305b1e) Importer(815301076,1909f56bfc062723c751e8b465ee728b)
Start importing Assets/2DGamekit/Audio/UI/MenuButtonConfirm.ogg using Guid(68c65aec95671b549be3b900cc305b1e) Importer(815301076,1909f56bfc062723c751e8b465ee728b)  -> (artifact id: '214082bbf31e99f61e88f10be8b31b5b') in 0.006678 seconds 
  Import took 0.010463 seconds .

========================================================================
Received Import Request.
  Time since last request: 0.000142 seconds.
  path: Assets/2DGamekit/Audio/Interactables/PushClayBoxEnd.ogg
  artifactKey: Guid(363b1e9e5a7b00c42b3b4400865d45d4) Importer(815301076,1909f56bfc062723c751e8b465ee728b)
Start importing Assets/2DGamekit/Audio/Interactables/PushClayBoxEnd.ogg using Guid(363b1e9e5a7b00c42b3b4400865d45d4) Importer(815301076,1909f56bfc062723c751e8b465ee728b)  -> (artifact id: '92778772c44fd6a840674918f4b0840b') in 0.006636 seconds 
  Import took 0.010236 seconds .

========================================================================
Received Import Request.
  Time since last request: 0.000142 seconds.
  path: Assets/2DGamekit/Art/Sprites/UI/HUD/KeyIcon.png
  artifactKey: Guid(47b79e0414059df4c9e864efad6475b9) Importer(815301076,1909f56bfc062723c751e8b465ee728b)
Start importing Assets/2DGamekit/Art/Sprites/UI/HUD/KeyIcon.png using Guid(47b79e0414059df4c9e864efad6475b9) Importer(815301076,1909f56bfc062723c751e8b465ee728b)  -> (artifact id: 'ec9a527b8c6c7b8a0fbac11efbb841af') in 0.020144 seconds 
  Import took 0.023915 seconds .

========================================================================
Received Import Request.
  Time since last request: 0.000140 seconds.
  path: Assets/2DGamekit/Art/Sprites/Interactables/DestructibleColumn.png
  artifactKey: Guid(cbf958bb9960a5d4cb587a17cedbfeac) Importer(815301076,1909f56bfc062723c751e8b465ee728b)
Start importing Assets/2DGamekit/Art/Sprites/Interactables/DestructibleColumn.png using Guid(cbf958bb9960a5d4cb587a17cedbfeac) Importer(815301076,1909f56bfc062723c751e8b465ee728b)  -> (artifact id: '60dcd663fb2942169fb34150379e701f') in 0.027338 seconds 
  Import took 0.030619 seconds .

========================================================================
Received Import Request.
  Time since last request: 0.000146 seconds.
  path: Assets/2DGamekit/Audio/Interactables/PushClayBoxStart.ogg
  artifactKey: Guid(5c323608730601c4997c80260a5e05e8) Importer(815301076,1909f56bfc062723c751e8b465ee728b)
Start importing Assets/2DGamekit/Audio/Interactables/PushClayBoxStart.ogg using Guid(5c323608730601c4997c80260a5e05e8) Importer(815301076,1909f56bfc062723c751e8b465ee728b)  -> (artifact id: '3b5ce512d367d78e0eceede71a40e3ed') in 0.006757 seconds 
  Import took 0.009885 seconds .

========================================================================
Received Import Request.
  Time since last request: 0.321400 seconds.
  path: Assets/Conner's Scene.unity
  artifactKey: Guid(924ca4a734eee4dda9dec0b2c5bad155) Importer(815301076,1909f56bfc062723c751e8b465ee728b)
Start importing Assets/Conner's Scene.unity using Guid(924ca4a734eee4dda9dec0b2c5bad155) Importer(815301076,1909f56bfc062723c751e8b465ee728b)  -> (artifact id: '13699c2a7f30c21191acd30e1604024a') in 0.001026 seconds 
  Import took 0.004729 seconds .

========================================================================
Received Import Request.
  Time since last request: 126.908782 seconds.
  path: Assets/2DGamekit/Art/Sprites/VFX/Ellen/MuzzleEffect.png
  artifactKey: Guid(59c422c98c58f5742853e7d387d329a3) Importer(815301076,1909f56bfc062723c751e8b465ee728b)
Start importing Assets/2DGamekit/Art/Sprites/VFX/Ellen/MuzzleEffect.png using Guid(59c422c98c58f5742853e7d387d329a3) Importer(815301076,1909f56bfc062723c751e8b465ee728b)  -> (artifact id: '6c90818835933b3ccba9369d1339e1ff') in 0.016296 seconds 
  Import took 0.020522 seconds .

========================================================================
Received Import Request.
  Time since last request: 0.000142 seconds.
  path: Assets/2DGamekit/Art/Sprites/VFX/Environment/ParticleHeatHaze.png
  artifactKey: Guid(6c7cbd6a0eb00fc46a2c302d6246de2c) Importer(815301076,1909f56bfc062723c751e8b465ee728b)
Start importing Assets/2DGamekit/Art/Sprites/VFX/Environment/ParticleHeatHaze.png using Guid(6c7cbd6a0eb00fc46a2c302d6246de2c) Importer(815301076,1909f56bfc062723c751e8b465ee728b)  -> (artifact id: 'f2a4915b8f2b312bbbde75e3b6c5e242') in 0.023021 seconds 
  Import took 0.026625 seconds .

========================================================================
Received Import Request.
  Time since last request: 2.503958 seconds.
  path: Assets/2DGamekit/Scenes/Zone1.unity
  artifactKey: Guid(a94cb8f134bf81349ad016c79b629e3d) Importer(815301076,1909f56bfc062723c751e8b465ee728b)
Start importing Assets/2DGamekit/Scenes/Zone1.unity using Guid(a94cb8f134bf81349ad016c79b629e3d) Importer(815301076,1909f56bfc062723c751e8b465ee728b)  -> (artifact id: '1fbd6fc341c48045b7961301fda7e0df') in 0.002378 seconds 
  Import took 0.006717 seconds .

========================================================================
Received Prepare
Registering precompiled user dll's ...
Registered in 0.003465 seconds.
Begin MonoManager ReloadAssembly
Native extension for OSXStandalone target not found
Refreshing native plugins compatible for Editor in 0.65 ms, found 3 plugins.
Preloading 0 native plugins for Editor in 0.00 ms.
Mono: successfully reloaded assembly
- Completed reload, in  1.007 seconds
Domain Reload Profiling:
	ReloadAssembly (1007ms)
		BeginReloadAssembly (108ms)
			ExecutionOrderSort (0ms)
			DisableScriptedObjects (5ms)
			BackupInstance (0ms)
			ReleaseScriptingObjects (0ms)
			CreateAndSetChildDomain (53ms)
		EndReloadAssembly (845ms)
			LoadAssemblies (62ms)
			RebuildTransferFunctionScriptingTraits (0ms)
			SetupTypeCache (313ms)
			ReleaseScriptCaches (1ms)
			RebuildScriptCaches (47ms)
			SetupLoadedEditorAssemblies (293ms)
				LogAssemblyErrors (0ms)
				InitializePlatformSupportModulesInManaged (4ms)
				SetLoadedEditorAssemblies (0ms)
				RefreshPlugins (1ms)
				BeforeProcessingInitializeOnLoad (88ms)
				ProcessInitializeOnLoadAttributes (190ms)
				ProcessInitializeOnLoadMethodAttributes (9ms)
				AfterProcessingInitializeOnLoad (1ms)
				EditorAssembliesLoaded (0ms)
			ExecutionOrderSort2 (0ms)
			AwakeInstancesAfterBackupRestoration (8ms)
Platform modules already initialized, skipping
Refreshing native plugins compatible for Editor in 0.61 ms, found 3 plugins.
Preloading 0 native plugins for Editor in 0.00 ms.
Unloading 2609 Unused Serialized files (Serialized files now loaded: 0)
System memory in use before: 261.8 MB.
System memory in use after: 262.0 MB.

Unloading 19 unused Assets to reduce memory usage. Loaded Objects now: 3196.
Total: 2.507384 ms (FindLiveObjects: 0.170003 ms CreateObjectMapping: 0.092442 ms MarkObjects: 2.233139 ms  DeleteObjects: 0.011147 ms)

AssetImportParameters requested are different than current active one (requested -> active):
  custom:video-decoder-ogg-theora: a1e56fd34408186e4bbccfd4996cb3dc -> 
  custom:container-muxer-webm: aa71ff27fc2769a1b78a27578f13a17b -> 
  custom:container-demuxer-webm: 4f35f7cbe854078d1ac9338744f61a02 -> 
  custom:container-demuxer-ogg: 62fdf1f143b41e24485cea50d1cbac27 -> 
  custom:video-encoder-webm-vp8: eb34c28f22e8b96e1ab97ce403110664 -> 
  custom:framework-osx-AVFoundation: e770b220cccbd017edd2c1fefb359320 -> 
  custom:video-decoder-webm-vp8: 9c59270c3fd7afecdb556c50c9e8de78 -> 
  custom:audio-decoder-ogg-vorbis: bf7c407c2cedff20999df2af8eb42d56 -> 
  custom:audio-encoder-webm-vorbis: bf7c407c2cedff20999df2af8eb42d56 -> 
========================================================================
Received Import Request.
  Time since last request: 1072.178307 seconds.
  path: Assets/2DGamekit/Audio/Interactables
  artifactKey: Guid(4c1f86022dcb91f45a0a17ad7b8e4e84) Importer(815301076,1909f56bfc062723c751e8b465ee728b)
Start importing Assets/2DGamekit/Audio/Interactables using Guid(4c1f86022dcb91f45a0a17ad7b8e4e84) Importer(815301076,1909f56bfc062723c751e8b465ee728b)  -> (artifact id: '864231c77764e84e03d98d8d4dd254d4') in 0.003599 seconds 
  Import took 0.007930 seconds .

========================================================================
Received Import Request.
  Time since last request: 2.181856 seconds.
  path: Assets/2DGamekit/Audio/Interactables/CrateSmash.ogg
  artifactKey: Guid(707ed9e4e72dc5f4da4f6d6e67e3bb7d) Importer(815301076,1909f56bfc062723c751e8b465ee728b)
Start importing Assets/2DGamekit/Audio/Interactables/CrateSmash.ogg using Guid(707ed9e4e72dc5f4da4f6d6e67e3bb7d) Importer(815301076,1909f56bfc062723c751e8b465ee728b)  -> (artifact id: '3355946afbce93394310becf579d7b11') in 0.043205 seconds 
  Import took 0.047630 seconds .

========================================================================
Received Import Request.
  Time since last request: 0.000155 seconds.
  path: Assets/2DGamekit/Audio/Interactables/SwitchRespawnPushableActivated.ogg
  artifactKey: Guid(e391f1710c801204bb081b9a0eee5aff) Importer(815301076,1909f56bfc062723c751e8b465ee728b)
Start importing Assets/2DGamekit/Audio/Interactables/SwitchRespawnPushableActivated.ogg using Guid(e391f1710c801204bb081b9a0eee5aff) Importer(815301076,1909f56bfc062723c751e8b465ee728b)  -> (artifact id: '155ddd94aea01dc22d00ed7f61e5d9e1') in 0.007224 seconds 
  Import took 0.010743 seconds .

========================================================================
Received Import Request.
  Time since last request: 0.000149 seconds.
  path: Assets/2DGamekit/Audio/Interactables/DestructableWall02.ogg
  artifactKey: Guid(3698c001a4b99aa43aa3750a1c33b979) Importer(815301076,1909f56bfc062723c751e8b465ee728b)
Start importing Assets/2DGamekit/Audio/Interactables/DestructableWall02.ogg using Guid(3698c001a4b99aa43aa3750a1c33b979) Importer(815301076,1909f56bfc062723c751e8b465ee728b)  -> (artifact id: '05a87f28cb882001d0c70e0f12d440ed') in 0.005357 seconds 
  Import took 0.008881 seconds .

========================================================================
Received Import Request.
  Time since last request: 0.000166 seconds.
  path: Assets/2DGamekit/Audio/Interactables/LargeStoneDoorClose.ogg
  artifactKey: Guid(7becb89340f2f17449ac17e519d0fdb8) Importer(815301076,1909f56bfc062723c751e8b465ee728b)
Start importing Assets/2DGamekit/Audio/Interactables/LargeStoneDoorClose.ogg using Guid(7becb89340f2f17449ac17e519d0fdb8) Importer(815301076,1909f56bfc062723c751e8b465ee728b)  -> (artifact id: 'c3c3360110f4ce7f5ec90a17ff0e42dc') in 0.005642 seconds 
  Import took 0.009095 seconds .

========================================================================
Received Import Request.
  Time since last request: 0.000139 seconds.
  path: Assets/2DGamekit/Audio/Interactables/SmallStoneDoorOpen.ogg
  artifactKey: Guid(cb156046599a9b64286ca926520b9da4) Importer(815301076,1909f56bfc062723c751e8b465ee728b)
Start importing Assets/2DGamekit/Audio/Interactables/SmallStoneDoorOpen.ogg using Guid(cb156046599a9b64286ca926520b9da4) Importer(815301076,1909f56bfc062723c751e8b465ee728b)  -> (artifact id: '40ab3804fdf9164bc603ea5d5b6ca670') in 0.005193 seconds 
  Import took 0.008338 seconds .

========================================================================
Received Import Request.
  Time since last request: 0.000120 seconds.
  path: Assets/2DGamekit/Audio/Interactables/HealthPickup.ogg
  artifactKey: Guid(8d331b50969371c4db3319a915ef2cad) Importer(815301076,1909f56bfc062723c751e8b465ee728b)
Start importing Assets/2DGamekit/Audio/Interactables/HealthPickup.ogg using Guid(8d331b50969371c4db3319a915ef2cad) Importer(815301076,1909f56bfc062723c751e8b465ee728b)  -> (artifact id: 'a2c6795f56ce72b45d00b6e7f3039eb8') in 0.005548 seconds 
  Import took 0.009314 seconds .

========================================================================
Received Import Request.
  Time since last request: 0.000137 seconds.
  path: Assets/2DGamekit/Audio/Interactables/MovingPlatformLoop.ogg
  artifactKey: Guid(eab9a0a14da60e849adb421b97581aa8) Importer(815301076,1909f56bfc062723c751e8b465ee728b)
Start importing Assets/2DGamekit/Audio/Interactables/MovingPlatformLoop.ogg using Guid(eab9a0a14da60e849adb421b97581aa8) Importer(815301076,1909f56bfc062723c751e8b465ee728b)  -> (artifact id: 'ef75f13e9244e97110ddeda2f881065d') in 0.005324 seconds 
  Import took 0.008705 seconds .

========================================================================
Received Import Request.
  Time since last request: 0.000173 seconds.
  path: Assets/2DGamekit/Audio/Interactables/TeleportLoop.ogg
  artifactKey: Guid(eb9913efb3825f3488667a73f532fd30) Importer(815301076,1909f56bfc062723c751e8b465ee728b)
Start importing Assets/2DGamekit/Audio/Interactables/TeleportLoop.ogg using Guid(eb9913efb3825f3488667a73f532fd30) Importer(815301076,1909f56bfc062723c751e8b465ee728b)  -> (artifact id: '3da6b16d0c2bb38df3f70aa0c3cb45ac') in 0.005554 seconds 
  Import took 0.009091 seconds .

========================================================================
Received Import Request.
  Time since last request: 0.000143 seconds.
  path: Assets/2DGamekit/Audio/Interactables/TeleportUse.ogg
  artifactKey: Guid(0cce91cb3c5bf814e805233571eab8ea) Importer(815301076,1909f56bfc062723c751e8b465ee728b)
Start importing Assets/2DGamekit/Audio/Interactables/TeleportUse.ogg using Guid(0cce91cb3c5bf814e805233571eab8ea) Importer(815301076,1909f56bfc062723c751e8b465ee728b)  -> (artifact id: '47ddeea183b957a4da72f7db13581a29') in 0.005538 seconds 
  Import took 0.009026 seconds .

========================================================================
Received Import Request.
  Time since last request: 0.000160 seconds.
  path: Assets/2DGamekit/Audio/Interactables/DestructableWall01.ogg
  artifactKey: Guid(1300167911a825e4f8920368b94bb0d1) Importer(815301076,1909f56bfc062723c751e8b465ee728b)
Start importing Assets/2DGamekit/Audio/Interactables/DestructableWall01.ogg using Guid(1300167911a825e4f8920368b94bb0d1) Importer(815301076,1909f56bfc062723c751e8b465ee728b)  -> (artifact id: 'aa1cd97a261ddeb2ed7a89d90a6bb75d') in 0.005163 seconds 
  Import took 0.008565 seconds .

========================================================================
Received Import Request.
  Time since last request: 0.000149 seconds.
  path: Assets/2DGamekit/Audio/Interactables/SwitchShieldUpActivated.ogg
  artifactKey: Guid(5efaa944cc7cece4996b86725256962b) Importer(815301076,1909f56bfc062723c751e8b465ee728b)
Start importing Assets/2DGamekit/Audio/Interactables/SwitchShieldUpActivated.ogg using Guid(5efaa944cc7cece4996b86725256962b) Importer(815301076,1909f56bfc062723c751e8b465ee728b)  -> (artifact id: '372201e37a07d368d75ebd2b3cc3e85f') in 0.006786 seconds 
  Import took 0.010397 seconds .

========================================================================
Received Import Request.
  Time since last request: 0.000198 seconds.
  path: Assets/2DGamekit/Audio/Interactables/SpikeImpact.ogg
  artifactKey: Guid(a5406be214f159a4abfedff134037b3d) Importer(815301076,1909f56bfc062723c751e8b465ee728b)
Start importing Assets/2DGamekit/Audio/Interactables/SpikeImpact.ogg using Guid(a5406be214f159a4abfedff134037b3d) Importer(815301076,1909f56bfc062723c751e8b465ee728b)  -> (artifact id: 'fea1dd344b463b5797eebcf87a97b5ba') in 0.005502 seconds 
  Import took 0.009394 seconds .

========================================================================
Received Import Request.
  Time since last request: 0.000162 seconds.
  path: Assets/2DGamekit/Audio/Interactables/SpaceShotgun.ogg
  artifactKey: Guid(bb1f878fc28034454b87b03dca70c85e) Importer(815301076,1909f56bfc062723c751e8b465ee728b)
Start importing Assets/2DGamekit/Audio/Interactables/SpaceShotgun.ogg using Guid(bb1f878fc28034454b87b03dca70c85e) Importer(815301076,1909f56bfc062723c751e8b465ee728b)  -> (artifact id: 'ba27dbc59055c305e5cecd887cbccd0a') in 0.005446 seconds 
  Import took 0.008993 seconds .

========================================================================
Received Import Request.
  Time since last request: 0.000150 seconds.
  path: Assets/2DGamekit/Audio/Interactables/DoorOpening.ogg
  artifactKey: Guid(3be171efc7758c14fbbd5d2a11f944cb) Importer(815301076,1909f56bfc062723c751e8b465ee728b)
Start importing Assets/2DGamekit/Audio/Interactables/DoorOpening.ogg using Guid(3be171efc7758c14fbbd5d2a11f944cb) Importer(815301076,1909f56bfc062723c751e8b465ee728b)  -> (artifact id: '98bbc615da6d02a649966247ebae49d9') in 0.005498 seconds 
  Import took 0.009387 seconds .

========================================================================
Received Import Request.
  Time since last request: 0.000154 seconds.
  path: Assets/2DGamekit/Audio/Interactables/LargeStoneDoorOpen.ogg
  artifactKey: Guid(1a7710861fe86484fb73f4131c5bb3f8) Importer(815301076,1909f56bfc062723c751e8b465ee728b)
Start importing Assets/2DGamekit/Audio/Interactables/LargeStoneDoorOpen.ogg using Guid(1a7710861fe86484fb73f4131c5bb3f8) Importer(815301076,1909f56bfc062723c751e8b465ee728b)  -> (artifact id: 'a300caaa08baf56c8de53110e8d13293') in 0.006678 seconds 
  Import took 0.010139 seconds .

========================================================================
Received Import Request.
  Time since last request: 0.000152 seconds.
  path: Assets/2DGamekit/Audio/Interactables/PressurePad.ogg
  artifactKey: Guid(f911838f7d8347b47b1c821f6d3c98fc) Importer(815301076,1909f56bfc062723c751e8b465ee728b)
Start importing Assets/2DGamekit/Audio/Interactables/PressurePad.ogg using Guid(f911838f7d8347b47b1c821f6d3c98fc) Importer(815301076,1909f56bfc062723c751e8b465ee728b)  -> (artifact id: 'cf1b71eace467c84333990fc39bea8d7') in 0.006665 seconds 
  Import took 0.010204 seconds .

========================================================================
Received Import Request.
  Time since last request: 0.000169 seconds.
  path: Assets/2DGamekit/Audio/Interactables/GenericPickup.ogg
  artifactKey: Guid(d76c71e98617e1c41a5cdc490eb1bee1) Importer(815301076,1909f56bfc062723c751e8b465ee728b)
Start importing Assets/2DGamekit/Audio/Interactables/GenericPickup.ogg using Guid(d76c71e98617e1c41a5cdc490eb1bee1) Importer(815301076,1909f56bfc062723c751e8b465ee728b)  -> (artifact id: 'c041808189da43c88067aa9ba69929a4') in 0.005388 seconds 
  Import took 0.009012 seconds .

========================================================================
Received Import Request.
  Time since last request: 0.000154 seconds.
  path: Assets/2DGamekit/Audio/Interactables/SwitchActivated.ogg
  artifactKey: Guid(335c62a6fbfebf84d821d960b0c5abaa) Importer(815301076,1909f56bfc062723c751e8b465ee728b)
Start importing Assets/2DGamekit/Audio/Interactables/SwitchActivated.ogg using Guid(335c62a6fbfebf84d821d960b0c5abaa) Importer(815301076,1909f56bfc062723c751e8b465ee728b)  -> (artifact id: 'db4bcd57aa682d5b1df84ea0a59e4839') in 0.005741 seconds 
  Import took 0.009269 seconds .

========================================================================
Received Import Request.
  Time since last request: 12.636678 seconds.
  path: Assets/2DGamekit/Audio/Ellen/Speech/1stInfoPoint01.ogg
  artifactKey: Guid(3508c31c409dd5b48b718b983428ec7c) Importer(815301076,1909f56bfc062723c751e8b465ee728b)
Start importing Assets/2DGamekit/Audio/Ellen/Speech/1stInfoPoint01.ogg using Guid(3508c31c409dd5b48b718b983428ec7c) Importer(815301076,1909f56bfc062723c751e8b465ee728b)  -> (artifact id: 'dc22f9fa9e63cc8175e07dffd42bea4d') in 0.005515 seconds 
  Import took 0.009635 seconds .

========================================================================
Received Import Request.
  Time since last request: 0.000185 seconds.
  path: Assets/2DGamekit/Audio/Ellen/Speech/1stInfoPoint02.ogg
  artifactKey: Guid(d1ee323d49788f5498c564a3da6a5a8e) Importer(815301076,1909f56bfc062723c751e8b465ee728b)
Start importing Assets/2DGamekit/Audio/Ellen/Speech/1stInfoPoint02.ogg using Guid(d1ee323d49788f5498c564a3da6a5a8e) Importer(815301076,1909f56bfc062723c751e8b465ee728b)  -> (artifact id: '48a39da158bcde2a11a1598735461d28') in 0.005700 seconds 
  Import took 0.009144 seconds .

========================================================================
Received Import Request.
  Time since last request: 2.826132 seconds.
  path: Assets/2DGamekit/Audio/Ellen/Emotes/EllenEmotesEffortLarge01.ogg
  artifactKey: Guid(8d76c4a7797e3994eb5a27a04876b1fe) Importer(815301076,1909f56bfc062723c751e8b465ee728b)
Start importing Assets/2DGamekit/Audio/Ellen/Emotes/EllenEmotesEffortLarge01.ogg using Guid(8d76c4a7797e3994eb5a27a04876b1fe) Importer(815301076,1909f56bfc062723c751e8b465ee728b)  -> (artifact id: '00a190d205fbcacaab6704301390cca6') in 0.016171 seconds 
  Import took 0.022009 seconds .

========================================================================
Received Import Request.
  Time since last request: 0.000160 seconds.
  path: Assets/2DGamekit/Audio/Ellen/Attacks/Ranged/EllenRangedAttack03.ogg
  artifactKey: Guid(328365d0fef474487b0826fc1049de57) Importer(815301076,1909f56bfc062723c751e8b465ee728b)
Start importing Assets/2DGamekit/Audio/Ellen/Attacks/Ranged/EllenRangedAttack03.ogg using Guid(328365d0fef474487b0826fc1049de57) Importer(815301076,1909f56bfc062723c751e8b465ee728b)  -> (artifact id: 'b37e1d17ac4e2ed7eb10567e4e04e696') in 0.007220 seconds 
  Import took 0.010610 seconds .

========================================================================
Received Import Request.
  Time since last request: 0.000153 seconds.
  path: Assets/2DGamekit/Audio/Ellen/Attacks/Ranged/EllenRangedAttack01.ogg
  artifactKey: Guid(3b22d074ce52fbe4fbdf5fb62973ab94) Importer(815301076,1909f56bfc062723c751e8b465ee728b)
Start importing Assets/2DGamekit/Audio/Ellen/Attacks/Ranged/EllenRangedAttack01.ogg using Guid(3b22d074ce52fbe4fbdf5fb62973ab94) Importer(815301076,1909f56bfc062723c751e8b465ee728b)  -> (artifact id: '18702e337d1afc4a54ca85fb0f6062cd') in 0.005481 seconds 
  Import took 0.008944 seconds .

========================================================================
Received Import Request.
  Time since last request: 0.000157 seconds.
  path: Assets/2DGamekit/Audio/Ellen/Attacks/Ranged/EllenRangedAttack02.ogg
  artifactKey: Guid(442e955683fe3a44a9ec3075f9140bc0) Importer(815301076,1909f56bfc062723c751e8b465ee728b)
Start importing Assets/2DGamekit/Audio/Ellen/Attacks/Ranged/EllenRangedAttack02.ogg using Guid(442e955683fe3a44a9ec3075f9140bc0) Importer(815301076,1909f56bfc062723c751e8b465ee728b)  -> (artifact id: 'f84d12ac219f1f22dfcb52cecac82f1a') in 0.005565 seconds 
  Import took 0.009142 seconds .

========================================================================
Received Import Request.
  Time since last request: 0.000158 seconds.
  path: Assets/2DGamekit/Audio/Ellen/Attacks/Ranged/EllenRangedAttack04.ogg
  artifactKey: Guid(81448fec9f15a4b5c87004cff6ad1d44) Importer(815301076,1909f56bfc062723c751e8b465ee728b)
Start importing Assets/2DGamekit/Audio/Ellen/Attacks/Ranged/EllenRangedAttack04.ogg using Guid(81448fec9f15a4b5c87004cff6ad1d44) Importer(815301076,1909f56bfc062723c751e8b465ee728b)  -> (artifact id: 'fe56550678ba487fdfbac6937813faaf') in 0.005514 seconds 
  Import took 0.008814 seconds .

========================================================================
Received Import Request.
  Time since last request: 0.000151 seconds.
  path: Assets/2DGamekit/Audio/Ellen/Emotes/EllenEmotesEffortLarge02.ogg
  artifactKey: Guid(6c438cd8f403270478a157682bf24456) Importer(815301076,1909f56bfc062723c751e8b465ee728b)
Start importing Assets/2DGamekit/Audio/Ellen/Emotes/EllenEmotesEffortLarge02.ogg using Guid(6c438cd8f403270478a157682bf24456) Importer(815301076,1909f56bfc062723c751e8b465ee728b)  -> (artifact id: '222e12a26553671b9101e0b66cd939c2') in 0.005260 seconds 
  Import took 0.008578 seconds .

========================================================================
Received Import Request.
  Time since last request: 1.498669 seconds.
  path: Assets/2DGamekit/Audio/Enemies/Gunner/GunnerGrenadeLand.ogg
  artifactKey: Guid(69fdd2728a147734e8bc094970b72eea) Importer(815301076,1909f56bfc062723c751e8b465ee728b)
Start importing Assets/2DGamekit/Audio/Enemies/Gunner/GunnerGrenadeLand.ogg using Guid(69fdd2728a147734e8bc094970b72eea) Importer(815301076,1909f56bfc062723c751e8b465ee728b)  -> (artifact id: '6935aaafc55df884f02367eaf1ed6164') in 0.007211 seconds 
  Import took 0.011144 seconds .

========================================================================
Received Import Request.
  Time since last request: 0.000150 seconds.
  path: Assets/2DGamekit/Audio/Enemies/Gunner/GunnerGrenadeLaunch.ogg
  artifactKey: Guid(f6609dc4c074f1e47b5a0fa78aee3bea) Importer(815301076,1909f56bfc062723c751e8b465ee728b)
Start importing Assets/2DGamekit/Audio/Enemies/Gunner/GunnerGrenadeLaunch.ogg using Guid(f6609dc4c074f1e47b5a0fa78aee3bea) Importer(815301076,1909f56bfc062723c751e8b465ee728b)  -> (artifact id: '263210a7991b01ee947957883fda29b6') in 0.005969 seconds 
  Import took 0.009349 seconds .

========================================================================
Received Prepare
Registering precompiled user dll's ...
Registered in 0.001996 seconds.
Begin MonoManager ReloadAssembly
Native extension for OSXStandalone target not found
Refreshing native plugins compatible for Editor in 0.61 ms, found 3 plugins.
Preloading 0 native plugins for Editor in 0.00 ms.
Mono: successfully reloaded assembly
- Completed reload, in  1.044 seconds
Domain Reload Profiling:
	ReloadAssembly (1045ms)
		BeginReloadAssembly (121ms)
			ExecutionOrderSort (0ms)
			DisableScriptedObjects (5ms)
			BackupInstance (0ms)
			ReleaseScriptingObjects (0ms)
			CreateAndSetChildDomain (58ms)
		EndReloadAssembly (868ms)
			LoadAssemblies (64ms)
			RebuildTransferFunctionScriptingTraits (0ms)
			SetupTypeCache (319ms)
			ReleaseScriptCaches (1ms)
			RebuildScriptCaches (48ms)
			SetupLoadedEditorAssemblies (298ms)
				LogAssemblyErrors (0ms)
				InitializePlatformSupportModulesInManaged (4ms)
				SetLoadedEditorAssemblies (0ms)
				RefreshPlugins (1ms)
				BeforeProcessingInitializeOnLoad (89ms)
				ProcessInitializeOnLoadAttributes (193ms)
				ProcessInitializeOnLoadMethodAttributes (10ms)
				AfterProcessingInitializeOnLoad (1ms)
				EditorAssembliesLoaded (0ms)
			ExecutionOrderSort2 (0ms)
			AwakeInstancesAfterBackupRestoration (14ms)
Platform modules already initialized, skipping
Refreshing native plugins compatible for Editor in 0.65 ms, found 3 plugins.
Preloading 0 native plugins for Editor in 0.00 ms.
Unloading 2609 Unused Serialized files (Serialized files now loaded: 0)
System memory in use before: 263.2 MB.
System memory in use after: 263.4 MB.

Unloading 18 unused Assets to reduce memory usage. Loaded Objects now: 3210.
Total: 2.691095 ms (FindLiveObjects: 0.206219 ms CreateObjectMapping: 0.109538 ms MarkObjects: 2.361383 ms  DeleteObjects: 0.013206 ms)

AssetImportParameters requested are different than current active one (requested -> active):
  custom:video-decoder-ogg-theora: a1e56fd34408186e4bbccfd4996cb3dc -> 
  custom:container-muxer-webm: aa71ff27fc2769a1b78a27578f13a17b -> 
  custom:container-demuxer-webm: 4f35f7cbe854078d1ac9338744f61a02 -> 
  custom:container-demuxer-ogg: 62fdf1f143b41e24485cea50d1cbac27 -> 
  custom:video-encoder-webm-vp8: eb34c28f22e8b96e1ab97ce403110664 -> 
  custom:framework-osx-AVFoundation: e770b220cccbd017edd2c1fefb359320 -> 
  custom:video-decoder-webm-vp8: 9c59270c3fd7afecdb556c50c9e8de78 -> 
  custom:audio-decoder-ogg-vorbis: bf7c407c2cedff20999df2af8eb42d56 -> 
  custom:audio-encoder-webm-vorbis: bf7c407c2cedff20999df2af8eb42d56 -> 
========================================================================
Received Prepare
Registering precompiled user dll's ...
Registered in 0.001990 seconds.
Begin MonoManager ReloadAssembly
Native extension for OSXStandalone target not found
Refreshing native plugins compatible for Editor in 0.68 ms, found 3 plugins.
Preloading 0 native plugins for Editor in 0.00 ms.
Mono: successfully reloaded assembly
- Completed reload, in  1.040 seconds
Domain Reload Profiling:
	ReloadAssembly (1040ms)
		BeginReloadAssembly (109ms)
			ExecutionOrderSort (0ms)
			DisableScriptedObjects (5ms)
			BackupInstance (0ms)
			ReleaseScriptingObjects (0ms)
			CreateAndSetChildDomain (56ms)
		EndReloadAssembly (875ms)
			LoadAssemblies (65ms)
			RebuildTransferFunctionScriptingTraits (0ms)
			SetupTypeCache (322ms)
			ReleaseScriptCaches (1ms)
			RebuildScriptCaches (49ms)
			SetupLoadedEditorAssemblies (302ms)
				LogAssemblyErrors (0ms)
				InitializePlatformSupportModulesInManaged (4ms)
				SetLoadedEditorAssemblies (0ms)
				RefreshPlugins (1ms)
				BeforeProcessingInitializeOnLoad (90ms)
				ProcessInitializeOnLoadAttributes (196ms)
				ProcessInitializeOnLoadMethodAttributes (10ms)
				AfterProcessingInitializeOnLoad (1ms)
				EditorAssembliesLoaded (0ms)
			ExecutionOrderSort2 (0ms)
			AwakeInstancesAfterBackupRestoration (14ms)
Platform modules already initialized, skipping
Refreshing native plugins compatible for Editor in 0.62 ms, found 3 plugins.
Preloading 0 native plugins for Editor in 0.00 ms.
Unloading 2609 Unused Serialized files (Serialized files now loaded: 0)
System memory in use before: 263.4 MB.
System memory in use after: 263.6 MB.

Unloading 18 unused Assets to reduce memory usage. Loaded Objects now: 3223.
Total: 2.640467 ms (FindLiveObjects: 0.188177 ms CreateObjectMapping: 0.103206 ms MarkObjects: 2.332136 ms  DeleteObjects: 0.016248 ms)

AssetImportParameters requested are different than current active one (requested -> active):
  custom:video-decoder-ogg-theora: a1e56fd34408186e4bbccfd4996cb3dc -> 
  custom:container-muxer-webm: aa71ff27fc2769a1b78a27578f13a17b -> 
  custom:container-demuxer-webm: 4f35f7cbe854078d1ac9338744f61a02 -> 
  custom:container-demuxer-ogg: 62fdf1f143b41e24485cea50d1cbac27 -> 
  custom:video-encoder-webm-vp8: eb34c28f22e8b96e1ab97ce403110664 -> 
  custom:framework-osx-AVFoundation: e770b220cccbd017edd2c1fefb359320 -> 
  custom:video-decoder-webm-vp8: 9c59270c3fd7afecdb556c50c9e8de78 -> 
  custom:audio-decoder-ogg-vorbis: bf7c407c2cedff20999df2af8eb42d56 -> 
  custom:audio-encoder-webm-vorbis: bf7c407c2cedff20999df2af8eb42d56 -> 
========================================================================
Received Prepare
Registering precompiled user dll's ...
Registered in 0.002003 seconds.
Begin MonoManager ReloadAssembly
Native extension for OSXStandalone target not found
Refreshing native plugins compatible for Editor in 0.72 ms, found 3 plugins.
Preloading 0 native plugins for Editor in 0.00 ms.
Mono: successfully reloaded assembly
- Completed reload, in  1.042 seconds
Domain Reload Profiling:
	ReloadAssembly (1042ms)
		BeginReloadAssembly (109ms)
			ExecutionOrderSort (0ms)
			DisableScriptedObjects (5ms)
			BackupInstance (0ms)
			ReleaseScriptingObjects (0ms)
			CreateAndSetChildDomain (56ms)
		EndReloadAssembly (878ms)
			LoadAssemblies (66ms)
			RebuildTransferFunctionScriptingTraits (0ms)
			SetupTypeCache (322ms)
			ReleaseScriptCaches (1ms)
			RebuildScriptCaches (48ms)
			SetupLoadedEditorAssemblies (304ms)
				LogAssemblyErrors (0ms)
				InitializePlatformSupportModulesInManaged (4ms)
				SetLoadedEditorAssemblies (1ms)
				RefreshPlugins (1ms)
				BeforeProcessingInitializeOnLoad (93ms)
				ProcessInitializeOnLoadAttributes (194ms)
				ProcessInitializeOnLoadMethodAttributes (10ms)
				AfterProcessingInitializeOnLoad (1ms)
				EditorAssembliesLoaded (0ms)
			ExecutionOrderSort2 (0ms)
			AwakeInstancesAfterBackupRestoration (14ms)
Platform modules already initialized, skipping
Refreshing native plugins compatible for Editor in 0.63 ms, found 3 plugins.
Preloading 0 native plugins for Editor in 0.00 ms.
Unloading 2609 Unused Serialized files (Serialized files now loaded: 0)
System memory in use before: 263.6 MB.
System memory in use after: 263.8 MB.

Unloading 18 unused Assets to reduce memory usage. Loaded Objects now: 3236.
Total: 2.598639 ms (FindLiveObjects: 0.194771 ms CreateObjectMapping: 0.115525 ms MarkObjects: 2.275570 ms  DeleteObjects: 0.012256 ms)

AssetImportParameters requested are different than current active one (requested -> active):
  custom:video-decoder-ogg-theora: a1e56fd34408186e4bbccfd4996cb3dc -> 
  custom:container-muxer-webm: aa71ff27fc2769a1b78a27578f13a17b -> 
  custom:container-demuxer-webm: 4f35f7cbe854078d1ac9338744f61a02 -> 
  custom:container-demuxer-ogg: 62fdf1f143b41e24485cea50d1cbac27 -> 
  custom:video-encoder-webm-vp8: eb34c28f22e8b96e1ab97ce403110664 -> 
  custom:framework-osx-AVFoundation: e770b220cccbd017edd2c1fefb359320 -> 
  custom:video-decoder-webm-vp8: 9c59270c3fd7afecdb556c50c9e8de78 -> 
  custom:audio-decoder-ogg-vorbis: bf7c407c2cedff20999df2af8eb42d56 -> 
  custom:audio-encoder-webm-vorbis: bf7c407c2cedff20999df2af8eb42d56 -> 
========================================================================
Received Prepare
Registering precompiled user dll's ...
Registered in 0.002007 seconds.
Begin MonoManager ReloadAssembly
Native extension for OSXStandalone target not found
Refreshing native plugins compatible for Editor in 0.63 ms, found 3 plugins.
Preloading 0 native plugins for Editor in 0.00 ms.
Mono: successfully reloaded assembly
- Completed reload, in  1.012 seconds
Domain Reload Profiling:
	ReloadAssembly (1012ms)
		BeginReloadAssembly (108ms)
			ExecutionOrderSort (0ms)
			DisableScriptedObjects (5ms)
			BackupInstance (0ms)
			ReleaseScriptingObjects (0ms)
			CreateAndSetChildDomain (54ms)
		EndReloadAssembly (849ms)
			LoadAssemblies (63ms)
			RebuildTransferFunctionScriptingTraits (0ms)
			SetupTypeCache (311ms)
			ReleaseScriptCaches (1ms)
			RebuildScriptCaches (47ms)
			SetupLoadedEditorAssemblies (291ms)
				LogAssemblyErrors (0ms)
				InitializePlatformSupportModulesInManaged (4ms)
				SetLoadedEditorAssemblies (0ms)
				RefreshPlugins (1ms)
				BeforeProcessingInitializeOnLoad (88ms)
				ProcessInitializeOnLoadAttributes (188ms)
				ProcessInitializeOnLoadMethodAttributes (10ms)
				AfterProcessingInitializeOnLoad (1ms)
				EditorAssembliesLoaded (0ms)
			ExecutionOrderSort2 (0ms)
			AwakeInstancesAfterBackupRestoration (14ms)
Platform modules already initialized, skipping
Refreshing native plugins compatible for Editor in 0.68 ms, found 3 plugins.
Preloading 0 native plugins for Editor in 0.00 ms.
Unloading 2609 Unused Serialized files (Serialized files now loaded: 0)
System memory in use before: 263.8 MB.
System memory in use after: 264.1 MB.

Unloading 18 unused Assets to reduce memory usage. Loaded Objects now: 3249.
Total: 2.632012 ms (FindLiveObjects: 0.179678 ms CreateObjectMapping: 0.097888 ms MarkObjects: 2.341875 ms  DeleteObjects: 0.011912 ms)

AssetImportParameters requested are different than current active one (requested -> active):
  custom:video-decoder-ogg-theora: a1e56fd34408186e4bbccfd4996cb3dc -> 
  custom:container-muxer-webm: aa71ff27fc2769a1b78a27578f13a17b -> 
  custom:container-demuxer-webm: 4f35f7cbe854078d1ac9338744f61a02 -> 
  custom:container-demuxer-ogg: 62fdf1f143b41e24485cea50d1cbac27 -> 
  custom:video-encoder-webm-vp8: eb34c28f22e8b96e1ab97ce403110664 -> 
  custom:framework-osx-AVFoundation: e770b220cccbd017edd2c1fefb359320 -> 
  custom:video-decoder-webm-vp8: 9c59270c3fd7afecdb556c50c9e8de78 -> 
  custom:audio-decoder-ogg-vorbis: bf7c407c2cedff20999df2af8eb42d56 -> 
  custom:audio-encoder-webm-vorbis: bf7c407c2cedff20999df2af8eb42d56 -> 
========================================================================
Received Import Request.
  Time since last request: 832.806126 seconds.
  path: Assets/2DGamekit/Audio/FX/Shield.asset
  artifactKey: Guid(b22c8b6cde1e19245b7e8c076df5e112) Importer(815301076,1909f56bfc062723c751e8b465ee728b)
Start importing Assets/2DGamekit/Audio/FX/Shield.asset using Guid(b22c8b6cde1e19245b7e8c076df5e112) Importer(815301076,1909f56bfc062723c751e8b465ee728b)  -> (artifact id: 'b88b0f85b6a2272614484e5d7d555ed6') in 0.251919 seconds 
  Import took 0.258443 seconds .

========================================================================
Received Import Request.
  Time since last request: 0.517931 seconds.
  path: Assets/2DGamekit/Audio/Environment/EnvironmentalAmbiance.ogg
  artifactKey: Guid(3a9ba69f03694d44a9968f5b7c4abb1c) Importer(815301076,1909f56bfc062723c751e8b465ee728b)
Start importing Assets/2DGamekit/Audio/Environment/EnvironmentalAmbiance.ogg using Guid(3a9ba69f03694d44a9968f5b7c4abb1c) Importer(815301076,1909f56bfc062723c751e8b465ee728b)  -> (artifact id: 'b2961fac91fe35dfab12ebff05f54032') in 0.033936 seconds 
  Import took 0.038162 seconds .

========================================================================
Received Import Request.
  Time since last request: 0.000239 seconds.
  path: Assets/2DGamekit/Audio/Environment/IdlingBugSwarm.ogg
  artifactKey: Guid(8e5cc3b5c4ff0db4db464b047e971c77) Importer(815301076,1909f56bfc062723c751e8b465ee728b)
Start importing Assets/2DGamekit/Audio/Environment/IdlingBugSwarm.ogg using Guid(8e5cc3b5c4ff0db4db464b047e971c77) Importer(815301076,1909f56bfc062723c751e8b465ee728b)  -> (artifact id: '48b4e9f345a667935901f5f0f80a60c1') in 0.007540 seconds 
  Import took 0.010634 seconds .

========================================================================
Received Import Request.
  Time since last request: 0.000153 seconds.
  path: Assets/2DGamekit/Audio/Environment/Shoreline.ogg
  artifactKey: Guid(f7d2e5bd8d17f8f4ab011be5544a69b7) Importer(815301076,1909f56bfc062723c751e8b465ee728b)
Start importing Assets/2DGamekit/Audio/Environment/Shoreline.ogg using Guid(f7d2e5bd8d17f8f4ab011be5544a69b7) Importer(815301076,1909f56bfc062723c751e8b465ee728b)  -> (artifact id: 'b959d4c654421c3f2529ffe2def52348') in 0.007117 seconds 
  Import took 0.010466 seconds .

========================================================================
Received Prepare
Registering precompiled user dll's ...
Registered in 0.001958 seconds.
Begin MonoManager ReloadAssembly
Native extension for OSXStandalone target not found
Refreshing native plugins compatible for Editor in 0.61 ms, found 3 plugins.
Preloading 0 native plugins for Editor in 0.00 ms.
Mono: successfully reloaded assembly
- Completed reload, in  0.998 seconds
Domain Reload Profiling:
	ReloadAssembly (998ms)
		BeginReloadAssembly (109ms)
			ExecutionOrderSort (0ms)
			DisableScriptedObjects (5ms)
			BackupInstance (0ms)
			ReleaseScriptingObjects (0ms)
			CreateAndSetChildDomain (55ms)
		EndReloadAssembly (835ms)
			LoadAssemblies (62ms)
			RebuildTransferFunctionScriptingTraits (0ms)
			SetupTypeCache (304ms)
			ReleaseScriptCaches (1ms)
			RebuildScriptCaches (46ms)
			SetupLoadedEditorAssemblies (290ms)
				LogAssemblyErrors (0ms)
				InitializePlatformSupportModulesInManaged (3ms)
				SetLoadedEditorAssemblies (0ms)
				RefreshPlugins (1ms)
				BeforeProcessingInitializeOnLoad (87ms)
				ProcessInitializeOnLoadAttributes (187ms)
				ProcessInitializeOnLoadMethodAttributes (10ms)
				AfterProcessingInitializeOnLoad (1ms)
				EditorAssembliesLoaded (0ms)
			ExecutionOrderSort2 (0ms)
			AwakeInstancesAfterBackupRestoration (14ms)
Platform modules already initialized, skipping
Refreshing native plugins compatible for Editor in 0.62 ms, found 3 plugins.
Preloading 0 native plugins for Editor in 0.00 ms.
Unloading 2609 Unused Serialized files (Serialized files now loaded: 0)
System memory in use before: 268.2 MB.
System memory in use after: 268.5 MB.

Unloading 18 unused Assets to reduce memory usage. Loaded Objects now: 3263.
Total: 2.589904 ms (FindLiveObjects: 0.176266 ms CreateObjectMapping: 0.097011 ms MarkObjects: 2.304294 ms  DeleteObjects: 0.011632 ms)

AssetImportParameters requested are different than current active one (requested -> active):
  custom:video-decoder-ogg-theora: a1e56fd34408186e4bbccfd4996cb3dc -> 
  custom:container-muxer-webm: aa71ff27fc2769a1b78a27578f13a17b -> 
  custom:container-demuxer-webm: 4f35f7cbe854078d1ac9338744f61a02 -> 
  custom:container-demuxer-ogg: 62fdf1f143b41e24485cea50d1cbac27 -> 
  custom:video-encoder-webm-vp8: eb34c28f22e8b96e1ab97ce403110664 -> 
  custom:framework-osx-AVFoundation: e770b220cccbd017edd2c1fefb359320 -> 
  custom:video-decoder-webm-vp8: 9c59270c3fd7afecdb556c50c9e8de78 -> 
  custom:audio-decoder-ogg-vorbis: bf7c407c2cedff20999df2af8eb42d56 -> 
  custom:audio-encoder-webm-vorbis: bf7c407c2cedff20999df2af8eb42d56 -> 
AssetImportWorkerClient::OnTransportError - code=2 error=End of file
